{
  "RSpec": {
    "coverage": {
      "/Users/macbook/RubymineProjects/field-note/app/controllers/api/v1/annotations_controller.rb": [
        null,
        null,
        1,
        1,
        1,
        1,
        1,
        1,
        null,
        1,
        1,
        1,
        null,
        null,
        1,
        1,
        null,
        null,
        null,
        1,
        null,
        null,
        1,
        1,
        1,
        null,
        null,
        null,
        null
      ],
      "/Users/macbook/RubymineProjects/field-note/app/controllers/application_controller.rb": [
        1,
        1,
        1,
        null,
        1,
        0,
        null,
        null,
        1,
        4,
        4,
        null,
        4,
        2,
        2,
        0,
        null,
        2,
        null,
        null,
        null
      ],
      "/Users/macbook/RubymineProjects/field-note/app/controllers/concerns/response.rb": [
        1,
        1,
        6,
        null,
        null
      ],
      "/Users/macbook/RubymineProjects/field-note/app/controllers/concerns/exception_handler.rb": [
        1,
        1,
        null,
        1,
        1,
        0,
        null,
        null,
        1,
        0,
        null,
        null,
        null
      ],
      "/Users/macbook/RubymineProjects/field-note/spec/controllers/api/v1/sessions_controller_spec.rb": [
        1,
        null,
        1,
        1,
        1,
        1,
        1,
        1,
        null,
        null,
        null,
        1,
        1,
        1,
        1,
        1,
        null,
        null,
        null
      ],
      "/Users/macbook/RubymineProjects/field-note/app/controllers/api/v1/sessions_controller.rb": [
        null,
        null,
        1,
        1,
        1,
        1,
        null,
        1,
        2,
        2,
        1,
        1,
        1,
        null,
        null,
        1,
        null,
        null,
        null,
        1,
        null,
        1,
        0,
        null,
        null,
        null,
        null
      ],
      "/Users/macbook/RubymineProjects/field-note/spec/controllers/users_controller_spec.rb": [
        1,
        null,
        1,
        null,
        null,
        1,
        1,
        1,
        null,
        null,
        1,
        1,
        1,
        1,
        null,
        null,
        1,
        1,
        1,
        null,
        null,
        1,
        1,
        4,
        null,
        null,
        1,
        1,
        1,
        1,
        1,
        null,
        4,
        null,
        null,
        null,
        1,
        1,
        1,
        null,
        4,
        null,
        null,
        null,
        1,
        1,
        1,
        1,
        1,
        1,
        null,
        2,
        2,
        null,
        null,
        1,
        1,
        1,
        1,
        1,
        1,
        null,
        2,
        2,
        null,
        null,
        null
      ],
      "/Users/macbook/RubymineProjects/field-note/app/controllers/users_controller.rb": [
        1,
        1,
        1,
        null,
        1,
        1,
        null,
        null,
        1,
        null,
        null,
        null,
        1,
        1,
        null,
        null,
        1,
        2,
        1,
        1,
        null,
        1,
        1,
        null,
        null,
        1,
        null,
        null,
        null,
        1,
        2,
        1,
        1,
        null,
        1,
        1,
        null,
        null,
        1,
        1,
        1,
        null,
        null,
        1,
        null,
        1,
        4,
        null,
        null,
        1,
        4,
        null,
        null,
        null,
        null
      ],
      "/Users/macbook/RubymineProjects/field-note/spec/models/annotation_spec.rb": [
        1,
        null,
        1,
        1,
        1,
        1,
        1,
        null,
        null,
        null,
        1,
        1,
        1,
        1,
        null,
        1,
        null,
        null,
        null
      ],
      "/Users/macbook/RubymineProjects/field-note/app/models/annotation.rb": [
        1,
        1,
        null,
        1,
        1,
        1,
        1,
        1,
        null
      ],
      "/Users/macbook/RubymineProjects/field-note/app/models/application_record.rb": [
        1,
        1,
        null
      ],
      "/Users/macbook/RubymineProjects/field-note/spec/models/user_spec.rb": [
        null,
        null,
        1,
        null,
        1,
        1,
        1,
        1,
        1,
        null,
        null,
        1,
        1,
        1,
        null,
        null,
        null,
        1,
        1,
        1,
        1,
        null,
        null,
        null
      ],
      "/Users/macbook/RubymineProjects/field-note/app/models/user.rb": [
        1,
        1,
        null,
        1,
        1,
        1,
        1,
        1,
        null,
        17,
        null
      ],
      "/Users/macbook/RubymineProjects/field-note/lib/json_web_token.rb": [
        1,
        1,
        null,
        1,
        3,
        3,
        null,
        null,
        1,
        4,
        2,
        null,
        null
      ],
      "/Users/macbook/RubymineProjects/field-note/app/services/annotations/annotation_creator.rb": [
        null,
        null,
        1,
        1,
        null,
        1,
        1,
        null,
        null,
        1,
        1,
        null,
        null,
        null
      ],
      "/Users/macbook/RubymineProjects/field-note/app/services/users/user_destroyer.rb": [
        null,
        null,
        1,
        1,
        1,
        1,
        null,
        null,
        1,
        1,
        null,
        null,
        null
      ],
      "/Users/macbook/RubymineProjects/field-note/app/services/users/user_creator.rb": [
        null,
        null,
        1,
        1,
        1,
        2,
        null,
        null,
        1,
        2,
        1,
        null,
        null,
        null
      ],
      "/Users/macbook/RubymineProjects/field-note/app/services/users/user_updater.rb": [
        null,
        null,
        1,
        1,
        1,
        2,
        2,
        null,
        null,
        1,
        2,
        1,
        null,
        null,
        null
      ]
    },
    "timestamp": 1575496442
  }
}
